<?xml version="1.0" encoding="UTF-8"?>
<!-- Generated by org.testng.reporters.JUnitReportReporter -->
<testsuite skipped="0" hostname="DESKTOP-GHCBEI2" name="testNG.TestNGAnnotation" tests="3" failures="0" timestamp="2023-05-29T19:44:11 IST" time="39.350" errors="0">
  <testcase name="firsttestcase" time="7.151" classname="testNG.TestNGAnnotation"/>
  <system-out/>
  <testcase name="secondtestcase" time="30.841" classname="testNG.TestNGAnnotation"/>
  <system-out/>
  <testcase name="thirdtestcase" time="1.358" classname="testNG.TestNGAnnotation"/>
  <system-out/>
</testsuite> <!-- testNG.TestNGAnnotation -->
