<?xml version="1.0" encoding="UTF-8"?>
<!-- Generated by org.testng.reporters.JUnitReportReporter -->
<testsuite skipped="1" hostname="DESKTOP-GHCBEI2" name="selenium.OpenGoogletestNG" tests="3" failures="0" timestamp="2023-05-29T18:46:51 IST" time="22.524" errors="0">
  <testcase name="secondtestcase" time="13.770" classname="selenium.OpenGoogletestNG"/>
  <system-out/>
  <testcase name="thirdtestcase" time="8.754" classname="selenium.OpenGoogletestNG"/>
  <system-out/>
  <testcase name="firsttestcase" classname="selenium.OpenGoogletestNG">
    <skipped/>
  </testcase> <!-- firsttestcase -->
  <system-out/>
</testsuite> <!-- selenium.OpenGoogletestNG -->
