<?xml version="1.0" encoding="UTF-8"?>
<!-- Generated by org.testng.reporters.JUnitReportReporter -->
<testsuite skipped="0" hostname="DESKTOP-GHCBEI2" name="testNG.OpenGoogletestNG" tests="3" failures="0" timestamp="2023-05-29T19:44:11 IST" time="32.342" errors="0">
  <testcase name="secondtestcase" time="12.956" classname="testNG.OpenGoogletestNG"/>
  <system-out/>
  <testcase name="thirdtestcase" time="8.534" classname="testNG.OpenGoogletestNG"/>
  <system-out/>
  <testcase name="firsttestcase" time="10.852" classname="testNG.OpenGoogletestNG"/>
  <system-out/>
</testsuite> <!-- testNG.OpenGoogletestNG -->
