<?xml version="1.0" encoding="UTF-8"?>
<!-- Generated by org.testng.reporters.JUnitReportReporter -->
<testsuite skipped="0" hostname="DESKTOP-GHCBEI2" name="selenium.OpenGoogle" tests="2" failures="0" timestamp="2023-05-29T18:05:28 IST" time="20.890" errors="0">
  <testcase name="firsttestcase" time="8.142" classname="selenium.OpenGoogle"/>
  <system-out/>
  <testcase name="secondtestcase" time="12.748" classname="selenium.OpenGoogle"/>
  <system-out/>
</testsuite> <!-- selenium.OpenGoogle -->
